[2016-07-20 15:43:28] local.INFO: Starting fw load!  
[2016-07-20 15:43:28] local.INFO: Starting fw load!  
[2016-07-20 15:43:28] local.INFO: Starting fw load!  
[2016-07-20 15:43:29] local.INFO: Starting fw load!  
[2016-07-20 15:43:29] local.INFO: Starting fw load!  
[2016-07-20 15:43:29] local.INFO: Starting fw load!  
[2016-07-20 15:45:59] local.INFO: Starting fw load!  
[2016-07-20 15:47:11] local.INFO: Starting fw load!  
[2016-07-20 15:47:11] local.INFO: Registered Service Provider [HolyWorlds\Providers\AppServiceProvider/HolyWorlds\Providers\AppServiceProvider]  
[2016-07-20 15:47:34] local.INFO: Starting fw load!  
[2016-07-20 15:47:34] local.INFO: Registered Service Provider [HolyWorlds\Providers\AppServiceProvider/HolyWorlds\Providers\AppServiceProvider]  
[2016-07-20 15:47:34] local.INFO: Booted Service Provider [HolyWorlds\Providers\AppServiceProvider/HolyWorlds\Providers\AppServiceProvider]  
[2016-07-20 15:48:32] local.INFO: Starting fw load!  
[2016-07-20 15:48:32] local.INFO: Registered Service Provider [HolyWorlds\Providers\AppServiceProvider]  
[2016-07-20 15:48:32] local.INFO: Booted Service Provider [HolyWorlds\Providers\AppServiceProvider]  
[2016-07-20 15:55:00] local.INFO: Milky Framework Loading  
[2016-07-20 15:56:22] local.INFO: Milky Framework Loading  
[2016-07-20 15:56:22] local.INFO: Registered Service Provider [HolyWorlds\Providers\AppServiceProvider]  
[2016-07-20 15:56:22] local.INFO: Milky Framework Loaded  
[2016-07-20 15:56:22] local.INFO: Milky Framework Booted  
[2016-07-20 15:56:22] local.INFO: Booted Service Provider [HolyWorlds\Providers\AppServiceProvider]  
[2016-07-20 15:56:22] local.INFO: Milky Framework Booted  
[2016-07-20 15:56:30] local.INFO: Milky Framework Loading  
[2016-07-20 15:56:30] local.INFO: Registered Service Provider [HolyWorlds\Providers\AppServiceProvider]  
[2016-07-20 15:56:30] local.INFO: Milky Framework Loaded  
[2016-07-20 15:56:30] local.INFO: Milky Framework Booted  
[2016-07-20 15:56:30] local.INFO: Booted Service Provider [HolyWorlds\Providers\AppServiceProvider]  
[2016-07-20 15:56:30] local.INFO: Milky Framework Booted  
[2016-07-20 16:11:42] local.INFO: Milky Framework Loading  
[2016-07-20 16:11:42] local.INFO: Registered Service Provider [HolyWorlds\Providers\AppServiceProvider]  
[2016-07-20 16:11:42] local.INFO: Milky Framework Loaded  
[2016-07-20 16:11:42] local.INFO: Milky Framework Booted  
[2016-07-20 16:11:42] local.INFO: Booted Service Provider [HolyWorlds\Providers\AppServiceProvider]  
[2016-07-20 16:11:42] local.INFO: Milky Framework Booted  
[2016-07-20 16:32:11] local.INFO: Milky Framework Loading  
[2016-07-20 16:32:11] local.INFO: Registered Service Provider [HolyWorlds\Providers\AppServiceProvider]  
[2016-07-20 16:32:11] local.INFO: Milky Framework Loaded  
[2016-07-20 16:32:11] local.INFO: Milky Framework Booted  
[2016-07-20 16:32:11] local.INFO: Booted Service Provider [HolyWorlds\Providers\AppServiceProvider]  
[2016-07-20 16:32:11] local.INFO: Milky Framework Booted  
[2016-07-20 16:33:47] local.INFO: Milky Framework Loading  
[2016-07-20 16:33:47] local.INFO: Registered Service Provider [HolyWorlds\Providers\AppServiceProvider]  
[2016-07-20 16:33:47] local.INFO: Milky Framework Loaded  
[2016-07-20 16:33:47] local.INFO: Milky Framework Booted  
[2016-07-20 16:33:47] local.INFO: Booted Service Provider [HolyWorlds\Providers\AppServiceProvider]  
[2016-07-20 16:33:47] local.INFO: Milky Framework Booted  
[2016-07-20 16:42:03] local.INFO: Milky Framework Loading  
[2016-07-20 16:42:03] local.INFO: Registered Service Provider [HolyWorlds\Providers\AppServiceProvider]  
[2016-07-20 16:42:48] local.INFO: Milky Framework Loading  
[2016-07-20 16:42:48] local.INFO: Registered Service Provider [HolyWorlds\Providers\AppServiceProvider]  
[2016-07-20 16:42:48] local.INFO: Milky Framework Loaded  
[2016-07-20 16:42:48] local.INFO: Milky Framework Booted  
[2016-07-20 16:42:48] local.INFO: Booted Service Provider [HolyWorlds\Providers\AppServiceProvider]  
[2016-07-20 16:42:48] local.INFO: Milky Framework Booted  
[2016-07-20 16:43:33] local.INFO: Milky Framework Loading  
[2016-07-20 16:43:33] local.INFO: Registered Service Provider [HolyWorlds\Providers\AppServiceProvider]  
[2016-07-20 16:43:33] local.INFO: Milky Framework Loaded  
[2016-07-20 16:43:33] local.INFO: Milky Framework Booted  
[2016-07-20 16:43:33] local.INFO: Booted Service Provider [HolyWorlds\Providers\AppServiceProvider]  
[2016-07-20 16:43:33] local.INFO: Milky Framework Booted  
[2016-07-20 16:44:56] local.INFO: Milky Framework Loading  
[2016-07-20 16:44:56] local.INFO: Registered Service Provider [HolyWorlds\Providers\AppServiceProvider]  
[2016-07-20 16:44:56] local.INFO: Milky Framework Loaded  
[2016-07-20 16:44:56] local.INFO: Milky Framework Booted  
[2016-07-20 16:44:56] local.INFO: Booted Service Provider [HolyWorlds\Providers\AppServiceProvider]  
[2016-07-20 16:44:56] local.INFO: Milky Framework Booted  
[2016-07-20 16:46:08] local.INFO: Milky Framework Loading  
[2016-07-20 16:46:08] local.INFO: Registered Service Provider [HolyWorlds\Providers\AppServiceProvider]  
[2016-07-20 16:46:08] local.INFO: Milky Framework Loaded  
[2016-07-20 16:46:08] local.INFO: Milky Framework Booted  
[2016-07-20 16:46:08] local.INFO: Booted Service Provider [HolyWorlds\Providers\AppServiceProvider]  
[2016-07-20 16:46:08] local.INFO: Milky Framework Booted  
[2016-07-20 16:49:24] local.INFO: Milky Framework Loading  
[2016-07-20 16:49:24] local.INFO: Registered Service Provider [HolyWorlds\Providers\AppServiceProvider]  
[2016-07-20 16:49:24] local.INFO: Milky Framework Loaded  
[2016-07-20 16:49:24] local.INFO: Milky Framework Booted  
[2016-07-20 16:49:24] local.INFO: Booted Service Provider [HolyWorlds\Providers\AppServiceProvider]  
[2016-07-20 16:49:24] local.INFO: Milky Framework Booted  
[2016-07-20 16:49:38] local.INFO: Milky Framework Loading  
[2016-07-20 16:49:38] local.INFO: Registered Service Provider [HolyWorlds\Providers\AppServiceProvider]  
[2016-07-20 16:49:38] local.INFO: Milky Framework Loaded  
[2016-07-20 16:49:38] local.INFO: Milky Framework Booted  
[2016-07-20 16:49:38] local.INFO: Booted Service Provider [HolyWorlds\Providers\AppServiceProvider]  
[2016-07-20 16:49:38] local.INFO: Milky Framework Booted  
[2016-07-20 16:50:11] local.INFO: Milky Framework Loading  
[2016-07-20 16:50:11] local.INFO: Registered Service Provider [HolyWorlds\Providers\AppServiceProvider]  
[2016-07-20 16:50:11] local.INFO: Milky Framework Loaded  
[2016-07-20 16:50:11] local.INFO: Milky Framework Booted  
[2016-07-20 16:50:11] local.INFO: Booted Service Provider [HolyWorlds\Providers\AppServiceProvider]  
[2016-07-20 16:50:11] local.INFO: Milky Framework Booted  
[2016-07-20 16:51:23] local.INFO: Milky Framework Loading  
[2016-07-20 16:51:23] local.INFO: Registered Service Provider [HolyWorlds\Providers\AppServiceProvider]  
[2016-07-20 16:51:23] local.INFO: Milky Framework Loaded  
[2016-07-20 16:51:23] local.INFO: Milky Framework Booted  
[2016-07-20 16:51:23] local.INFO: Booted Service Provider [HolyWorlds\Providers\AppServiceProvider]  
[2016-07-20 16:51:23] local.INFO: Milky Framework Booted  
[2016-07-20 16:51:39] local.INFO: Milky Framework Loading  
[2016-07-20 16:51:39] local.INFO: Registered Service Provider [HolyWorlds\Providers\AppServiceProvider]  
[2016-07-20 16:51:39] local.INFO: Milky Framework Loaded  
[2016-07-20 16:51:39] local.INFO: Milky Framework Booted  
[2016-07-20 16:51:39] local.INFO: Booted Service Provider [HolyWorlds\Providers\AppServiceProvider]  
[2016-07-20 16:51:39] local.INFO: Milky Framework Booted  
[2016-07-20 16:51:56] local.INFO: Milky Framework Loading  
[2016-07-20 16:51:56] local.INFO: Registered Service Provider [HolyWorlds\Providers\AppServiceProvider]  
[2016-07-20 16:51:56] local.INFO: Milky Framework Loaded  
[2016-07-20 16:51:56] local.INFO: Milky Framework Booted  
[2016-07-20 16:51:56] local.INFO: Booted Service Provider [HolyWorlds\Providers\AppServiceProvider]  
[2016-07-20 16:51:56] local.INFO: Milky Framework Booted  
[2016-07-20 16:52:13] local.INFO: Milky Framework Loading  
[2016-07-20 16:52:13] local.INFO: Registered Service Provider [HolyWorlds\Providers\AppServiceProvider]  
[2016-07-20 16:52:13] local.INFO: Milky Framework Loaded  
[2016-07-20 16:52:13] local.INFO: Milky Framework Booted  
[2016-07-20 16:52:13] local.INFO: Booted Service Provider [HolyWorlds\Providers\AppServiceProvider]  
[2016-07-20 16:52:13] local.INFO: Milky Framework Booted  
[2016-07-20 16:52:38] local.INFO: Milky Framework Loading  
[2016-07-20 16:52:38] local.INFO: Registered Service Provider [HolyWorlds\Providers\AppServiceProvider]  
[2016-07-20 16:52:38] local.INFO: Milky Framework Loaded  
[2016-07-20 16:52:38] local.INFO: Milky Framework Booted  
[2016-07-20 16:52:38] local.INFO: Booted Service Provider [HolyWorlds\Providers\AppServiceProvider]  
[2016-07-20 16:52:38] local.INFO: Milky Framework Booted  
[2016-07-20 16:53:00] local.INFO: Milky Framework Loading  
[2016-07-20 16:53:00] local.INFO: Registered Service Provider [HolyWorlds\Providers\AppServiceProvider]  
[2016-07-20 16:53:00] local.INFO: Milky Framework Loaded  
[2016-07-20 16:53:00] local.INFO: Milky Framework Booted  
[2016-07-20 16:53:00] local.INFO: Booted Service Provider [HolyWorlds\Providers\AppServiceProvider]  
[2016-07-20 16:53:00] local.INFO: Milky Framework Booted  
[2016-07-20 16:53:09] local.INFO: Milky Framework Loading  
[2016-07-20 16:53:09] local.INFO: Registered Service Provider [HolyWorlds\Providers\AppServiceProvider]  
[2016-07-20 16:53:09] local.INFO: Milky Framework Loaded  
[2016-07-20 16:53:09] local.INFO: Milky Framework Booted  
[2016-07-20 16:53:09] local.INFO: Booted Service Provider [HolyWorlds\Providers\AppServiceProvider]  
[2016-07-20 16:53:09] local.INFO: Milky Framework Booted  
[2016-07-20 16:53:17] local.INFO: Milky Framework Loading  
[2016-07-20 16:53:17] local.INFO: Registered Service Provider [HolyWorlds\Providers\AppServiceProvider]  
[2016-07-20 16:53:17] local.INFO: Milky Framework Loaded  
[2016-07-20 16:53:17] local.INFO: Milky Framework Booted  
[2016-07-20 16:53:17] local.INFO: Booted Service Provider [HolyWorlds\Providers\AppServiceProvider]  
[2016-07-20 16:53:17] local.INFO: Milky Framework Booted  
[2016-07-20 16:53:58] local.INFO: Milky Framework Loading  
[2016-07-20 16:53:58] local.INFO: Registered Service Provider [HolyWorlds\Providers\AppServiceProvider]  
[2016-07-20 16:53:58] local.INFO: Milky Framework Loaded  
[2016-07-20 16:53:58] local.INFO: Milky Framework Booted  
[2016-07-20 16:53:58] local.INFO: Booted Service Provider [HolyWorlds\Providers\AppServiceProvider]  
[2016-07-20 16:53:58] local.INFO: Milky Framework Booted  
[2016-07-20 16:54:10] local.INFO: Milky Framework Loading  
[2016-07-20 16:54:10] local.INFO: Registered Service Provider [HolyWorlds\Providers\AppServiceProvider]  
[2016-07-20 16:54:10] local.INFO: Milky Framework Loaded  
[2016-07-20 16:54:10] local.INFO: Milky Framework Booted  
[2016-07-20 16:54:10] local.INFO: Booted Service Provider [HolyWorlds\Providers\AppServiceProvider]  
[2016-07-20 16:54:10] local.INFO: Milky Framework Booted  
[2016-07-20 16:54:21] local.INFO: Milky Framework Loading  
[2016-07-20 16:54:21] local.INFO: Registered Service Provider [HolyWorlds\Providers\AppServiceProvider]  
[2016-07-20 16:54:21] local.INFO: Milky Framework Loaded  
[2016-07-20 16:54:21] local.INFO: Milky Framework Booted  
[2016-07-20 16:54:21] local.INFO: Booted Service Provider [HolyWorlds\Providers\AppServiceProvider]  
[2016-07-20 16:54:21] local.INFO: Milky Framework Booted  
[2016-07-20 17:13:19] local.INFO: Milky Framework Loading  
[2016-07-20 17:13:19] local.INFO: Registered Service Provider [HolyWorlds\Providers\AppServiceProvider]  
[2016-07-20 17:13:19] local.INFO: Milky Framework Loaded  
[2016-07-20 17:13:19] local.INFO: Milky Framework Booted  
[2016-07-20 17:13:19] local.INFO: Booted Service Provider [HolyWorlds\Providers\AppServiceProvider]  
[2016-07-20 17:13:19] local.INFO: Milky Framework Booted  
[2016-07-20 17:13:35] local.INFO: Milky Framework Loading  
[2016-07-20 17:13:35] local.INFO: Registered Service Provider [HolyWorlds\Providers\AppServiceProvider]  
[2016-07-20 17:13:35] local.INFO: Milky Framework Loaded  
[2016-07-20 17:13:35] local.INFO: Milky Framework Booted  
[2016-07-20 17:13:35] local.INFO: Booted Service Provider [HolyWorlds\Providers\AppServiceProvider]  
[2016-07-20 17:13:35] local.INFO: Milky Framework Booted  
[2016-07-20 17:14:25] local.INFO: Milky Framework Loading  
[2016-07-20 17:14:25] local.INFO: Registered Service Provider [HolyWorlds\Providers\AppServiceProvider]  
[2016-07-20 17:14:25] local.INFO: Milky Framework Loaded  
[2016-07-20 17:14:25] local.INFO: Milky Framework Booted  
[2016-07-20 17:14:25] local.INFO: Booted Service Provider [HolyWorlds\Providers\AppServiceProvider]  
[2016-07-20 17:14:25] local.INFO: Milky Framework Booted  
[2016-07-20 17:14:39] local.INFO: Milky Framework Loading  
[2016-07-20 17:14:39] local.INFO: Registered Service Provider [HolyWorlds\Providers\AppServiceProvider]  
[2016-07-20 17:14:39] local.INFO: Milky Framework Loaded  
[2016-07-20 17:14:39] local.INFO: Milky Framework Booted  
[2016-07-20 17:14:39] local.INFO: Booted Service Provider [HolyWorlds\Providers\AppServiceProvider]  
[2016-07-20 17:14:39] local.INFO: Milky Framework Booted  
[2016-07-20 17:14:40] local.INFO: Milky Framework Loading  
[2016-07-20 17:14:40] local.INFO: Registered Service Provider [HolyWorlds\Providers\AppServiceProvider]  
[2016-07-20 17:14:40] local.INFO: Milky Framework Loaded  
[2016-07-20 17:14:40] local.INFO: Milky Framework Booted  
[2016-07-20 17:14:40] local.INFO: Booted Service Provider [HolyWorlds\Providers\AppServiceProvider]  
[2016-07-20 17:14:40] local.INFO: Milky Framework Booted  
[2016-07-20 17:14:40] local.INFO: Milky Framework Loading  
[2016-07-20 17:14:40] local.INFO: Registered Service Provider [HolyWorlds\Providers\AppServiceProvider]  
[2016-07-20 17:14:40] local.INFO: Milky Framework Loaded  
[2016-07-20 17:14:40] local.INFO: Milky Framework Booted  
[2016-07-20 17:14:40] local.INFO: Booted Service Provider [HolyWorlds\Providers\AppServiceProvider]  
[2016-07-20 17:14:40] local.INFO: Milky Framework Booted  
[2016-07-20 17:14:47] local.INFO: Milky Framework Loading  
[2016-07-20 17:14:47] local.INFO: Registered Service Provider [HolyWorlds\Providers\AppServiceProvider]  
[2016-07-20 17:14:47] local.INFO: Milky Framework Loaded  
[2016-07-20 17:14:47] local.INFO: Milky Framework Booted  
[2016-07-20 17:14:47] local.INFO: Booted Service Provider [HolyWorlds\Providers\AppServiceProvider]  
[2016-07-20 17:14:47] local.INFO: Milky Framework Booted  
[2016-07-20 17:14:57] local.INFO: Milky Framework Loading  
[2016-07-20 17:14:57] local.INFO: Registered Service Provider [HolyWorlds\Providers\AppServiceProvider]  
[2016-07-20 17:14:57] local.INFO: Milky Framework Loaded  
[2016-07-20 17:14:57] local.INFO: Milky Framework Booted  
[2016-07-20 17:14:57] local.INFO: Booted Service Provider [HolyWorlds\Providers\AppServiceProvider]  
[2016-07-20 17:14:57] local.INFO: Milky Framework Booted  
[2016-07-20 17:14:58] local.INFO: Milky Framework Loading  
[2016-07-20 17:14:58] local.INFO: Registered Service Provider [HolyWorlds\Providers\AppServiceProvider]  
[2016-07-20 17:14:58] local.INFO: Milky Framework Loaded  
[2016-07-20 17:14:58] local.INFO: Milky Framework Booted  
[2016-07-20 17:14:58] local.INFO: Booted Service Provider [HolyWorlds\Providers\AppServiceProvider]  
[2016-07-20 17:14:58] local.INFO: Milky Framework Booted  
[2016-07-20 17:15:57] local.INFO: Milky Framework Loading  
[2016-07-20 17:15:57] local.INFO: Registered Service Provider [HolyWorlds\Providers\AppServiceProvider]  
[2016-07-20 17:15:57] local.INFO: Milky Framework Loaded  
[2016-07-20 17:15:57] local.INFO: Milky Framework Booted  
[2016-07-20 17:15:57] local.INFO: Booted Service Provider [HolyWorlds\Providers\AppServiceProvider]  
[2016-07-20 17:15:57] local.INFO: Milky Framework Booted  
[2016-07-20 17:16:58] local.INFO: Milky Framework Loading  
[2016-07-20 17:16:58] local.INFO: Registered Service Provider [HolyWorlds\Providers\AppServiceProvider]  
[2016-07-20 17:16:58] local.INFO: Milky Framework Loaded  
[2016-07-20 17:16:58] local.INFO: Milky Framework Booted  
[2016-07-20 17:16:58] local.INFO: Booted Service Provider [HolyWorlds\Providers\AppServiceProvider]  
[2016-07-20 17:16:58] local.INFO: Milky Framework Booted  
[2016-07-20 17:16:59] local.INFO: Milky Framework Loading  
[2016-07-20 17:16:59] local.INFO: Registered Service Provider [HolyWorlds\Providers\AppServiceProvider]  
[2016-07-20 17:16:59] local.INFO: Milky Framework Loaded  
[2016-07-20 17:16:59] local.INFO: Milky Framework Booted  
[2016-07-20 17:16:59] local.INFO: Booted Service Provider [HolyWorlds\Providers\AppServiceProvider]  
[2016-07-20 17:16:59] local.INFO: Milky Framework Booted  
[2016-07-20 17:18:06] local.INFO: Milky Framework Loading  
[2016-07-20 17:18:06] local.INFO: Registered Service Provider [HolyWorlds\Providers\AppServiceProvider]  
[2016-07-20 17:18:06] local.INFO: Milky Framework Loaded  
[2016-07-20 17:18:06] local.INFO: Milky Framework Booted  
[2016-07-20 17:18:06] local.INFO: Booted Service Provider [HolyWorlds\Providers\AppServiceProvider]  
[2016-07-20 17:18:06] local.INFO: Milky Framework Booted  
[2016-07-20 17:20:57] local.INFO: Milky Framework Loading  
[2016-07-20 17:20:57] local.INFO: Registered Service Provider [HolyWorlds\Providers\AppServiceProvider]  
[2016-07-20 17:20:57] local.INFO: Milky Framework Loaded  
[2016-07-20 17:20:57] local.INFO: Milky Framework Booted  
[2016-07-20 17:20:57] local.INFO: Booted Service Provider [HolyWorlds\Providers\AppServiceProvider]  
[2016-07-20 17:20:57] local.INFO: Milky Framework Booted  
[2016-07-20 17:21:54] local.INFO: Milky Framework Loading  
[2016-07-20 17:21:54] local.INFO: Registered Service Provider [HolyWorlds\Providers\AppServiceProvider]  
[2016-07-20 17:21:54] local.INFO: Milky Framework Loaded  
[2016-07-20 17:21:54] local.INFO: Milky Framework Booted  
[2016-07-20 17:21:54] local.INFO: Booted Service Provider [HolyWorlds\Providers\AppServiceProvider]  
[2016-07-20 17:21:54] local.INFO: Milky Framework Booted  
[2016-07-20 17:22:37] local.INFO: Milky Framework Loading  
[2016-07-20 17:22:37] local.INFO: Registered Service Provider [HolyWorlds\Providers\AppServiceProvider]  
[2016-07-20 17:22:37] local.INFO: Milky Framework Loaded  
[2016-07-20 17:22:37] local.INFO: Milky Framework Booted  
[2016-07-20 17:22:37] local.INFO: Booted Service Provider [HolyWorlds\Providers\AppServiceProvider]  
[2016-07-20 17:22:37] local.INFO: Milky Framework Booted  
[2016-07-20 17:22:53] local.INFO: Milky Framework Loading  
[2016-07-20 17:22:53] local.INFO: Registered Service Provider [HolyWorlds\Providers\AppServiceProvider]  
[2016-07-20 17:22:53] local.INFO: Milky Framework Loaded  
[2016-07-20 17:22:53] local.INFO: Milky Framework Booted  
[2016-07-20 17:22:53] local.INFO: Booted Service Provider [HolyWorlds\Providers\AppServiceProvider]  
[2016-07-20 17:22:53] local.INFO: Milky Framework Booted  
[2016-07-20 17:23:39] local.INFO: Milky Framework Loading  
[2016-07-20 17:23:39] local.INFO: Registered Service Provider [HolyWorlds\Providers\AppServiceProvider]  
[2016-07-20 17:23:39] local.INFO: Milky Framework Loaded  
[2016-07-20 17:23:39] local.INFO: Milky Framework Booted  
[2016-07-20 17:23:39] local.INFO: Booted Service Provider [HolyWorlds\Providers\AppServiceProvider]  
[2016-07-20 17:23:39] local.INFO: Milky Framework Booted  
[2016-07-20 17:23:53] local.INFO: Milky Framework Loading  
[2016-07-20 17:23:53] local.INFO: Registered Service Provider [HolyWorlds\Providers\AppServiceProvider]  
[2016-07-20 17:23:53] local.INFO: Milky Framework Loaded  
[2016-07-20 17:23:53] local.INFO: Milky Framework Booted  
[2016-07-20 17:23:53] local.INFO: Booted Service Provider [HolyWorlds\Providers\AppServiceProvider]  
[2016-07-20 17:23:53] local.INFO: Milky Framework Booted  
[2016-07-20 17:24:12] local.INFO: Milky Framework Loading  
[2016-07-20 17:24:12] local.INFO: Registered Service Provider [HolyWorlds\Providers\AppServiceProvider]  
[2016-07-20 17:24:12] local.INFO: Milky Framework Loaded  
[2016-07-20 17:24:12] local.INFO: Milky Framework Booted  
[2016-07-20 17:24:12] local.INFO: Booted Service Provider [HolyWorlds\Providers\AppServiceProvider]  
[2016-07-20 17:24:12] local.INFO: Milky Framework Booted  
[2016-07-20 17:24:27] local.INFO: Milky Framework Loading  
[2016-07-20 17:24:27] local.INFO: Registered Service Provider [HolyWorlds\Providers\AppServiceProvider]  
[2016-07-20 17:24:27] local.INFO: Milky Framework Loaded  
[2016-07-20 17:24:27] local.INFO: Milky Framework Booted  
[2016-07-20 17:24:27] local.INFO: Booted Service Provider [HolyWorlds\Providers\AppServiceProvider]  
[2016-07-20 17:24:27] local.INFO: Milky Framework Booted  
[2016-07-20 17:24:58] local.INFO: Milky Framework Loading  
[2016-07-20 17:24:58] local.INFO: Registered Service Provider [HolyWorlds\Providers\AppServiceProvider]  
[2016-07-20 17:24:58] local.INFO: Milky Framework Loaded  
[2016-07-20 17:24:58] local.INFO: Milky Framework Booted  
[2016-07-20 17:24:58] local.INFO: Booted Service Provider [HolyWorlds\Providers\AppServiceProvider]  
[2016-07-20 17:24:58] local.INFO: Milky Framework Booted  
[2016-07-20 17:25:22] local.INFO: Milky Framework Loading  
[2016-07-20 17:25:22] local.INFO: Registered Service Provider [HolyWorlds\Providers\AppServiceProvider]  
[2016-07-20 17:25:22] local.INFO: Milky Framework Loaded  
[2016-07-20 17:25:22] local.INFO: Milky Framework Booted  
[2016-07-20 17:25:22] local.INFO: Booted Service Provider [HolyWorlds\Providers\AppServiceProvider]  
[2016-07-20 17:25:22] local.INFO: Milky Framework Booted  
[2016-07-20 17:25:36] local.INFO: Milky Framework Loading  
[2016-07-20 17:25:36] local.INFO: Registered Service Provider [HolyWorlds\Providers\AppServiceProvider]  
[2016-07-20 17:25:36] local.INFO: Milky Framework Loaded  
[2016-07-20 17:25:36] local.INFO: Milky Framework Booted  
[2016-07-20 17:25:36] local.INFO: Booted Service Provider [HolyWorlds\Providers\AppServiceProvider]  
[2016-07-20 17:25:36] local.INFO: Milky Framework Booted  
[2016-07-20 17:25:57] local.INFO: Milky Framework Loading  
[2016-07-20 17:25:57] local.INFO: Registered Service Provider [HolyWorlds\Providers\AppServiceProvider]  
[2016-07-20 17:25:57] local.INFO: Milky Framework Loaded  
[2016-07-20 17:25:57] local.INFO: Milky Framework Booted  
[2016-07-20 17:25:57] local.INFO: Booted Service Provider [HolyWorlds\Providers\AppServiceProvider]  
[2016-07-20 17:25:57] local.INFO: Milky Framework Booted  
[2016-07-20 17:26:00] local.INFO: Milky Framework Loading  
[2016-07-20 17:26:00] local.INFO: Registered Service Provider [HolyWorlds\Providers\AppServiceProvider]  
[2016-07-20 17:26:00] local.INFO: Milky Framework Loaded  
[2016-07-20 17:26:00] local.INFO: Milky Framework Booted  
[2016-07-20 17:26:00] local.INFO: Booted Service Provider [HolyWorlds\Providers\AppServiceProvider]  
[2016-07-20 17:26:00] local.INFO: Milky Framework Booted  
[2016-07-20 17:26:00] local.INFO: Milky Framework Loading  
[2016-07-20 17:26:00] local.INFO: Registered Service Provider [HolyWorlds\Providers\AppServiceProvider]  
[2016-07-20 17:26:00] local.INFO: Milky Framework Loaded  
[2016-07-20 17:26:00] local.INFO: Milky Framework Booted  
[2016-07-20 17:26:00] local.INFO: Booted Service Provider [HolyWorlds\Providers\AppServiceProvider]  
[2016-07-20 17:26:00] local.INFO: Milky Framework Booted  
[2016-07-20 17:26:09] local.INFO: Milky Framework Loading  
[2016-07-20 17:26:09] local.INFO: Registered Service Provider [HolyWorlds\Providers\AppServiceProvider]  
[2016-07-20 17:26:09] local.INFO: Milky Framework Loaded  
[2016-07-20 17:26:09] local.INFO: Milky Framework Booted  
[2016-07-20 17:26:09] local.INFO: Booted Service Provider [HolyWorlds\Providers\AppServiceProvider]  
[2016-07-20 17:26:09] local.INFO: Milky Framework Booted  
[2016-07-20 17:26:10] local.INFO: Milky Framework Loading  
[2016-07-20 17:26:10] local.INFO: Registered Service Provider [HolyWorlds\Providers\AppServiceProvider]  
[2016-07-20 17:26:10] local.INFO: Milky Framework Loaded  
[2016-07-20 17:26:10] local.INFO: Milky Framework Booted  
[2016-07-20 17:26:10] local.INFO: Booted Service Provider [HolyWorlds\Providers\AppServiceProvider]  
[2016-07-20 17:26:10] local.INFO: Milky Framework Booted  
[2016-07-20 17:26:11] local.INFO: Milky Framework Loading  
[2016-07-20 17:26:11] local.INFO: Registered Service Provider [HolyWorlds\Providers\AppServiceProvider]  
[2016-07-20 17:26:11] local.INFO: Milky Framework Loaded  
[2016-07-20 17:26:11] local.INFO: Milky Framework Booted  
[2016-07-20 17:26:11] local.INFO: Booted Service Provider [HolyWorlds\Providers\AppServiceProvider]  
[2016-07-20 17:26:11] local.INFO: Milky Framework Booted  
[2016-07-20 17:26:11] local.INFO: Milky Framework Loading  
[2016-07-20 17:26:11] local.INFO: Registered Service Provider [HolyWorlds\Providers\AppServiceProvider]  
[2016-07-20 17:26:11] local.INFO: Milky Framework Loaded  
[2016-07-20 17:26:11] local.INFO: Milky Framework Booted  
[2016-07-20 17:26:11] local.INFO: Booted Service Provider [HolyWorlds\Providers\AppServiceProvider]  
[2016-07-20 17:26:11] local.INFO: Milky Framework Booted  
[2016-07-20 17:26:11] local.INFO: Milky Framework Loading  
[2016-07-20 17:26:11] local.INFO: Registered Service Provider [HolyWorlds\Providers\AppServiceProvider]  
[2016-07-20 17:26:11] local.INFO: Milky Framework Loaded  
[2016-07-20 17:26:11] local.INFO: Milky Framework Booted  
[2016-07-20 17:26:11] local.INFO: Booted Service Provider [HolyWorlds\Providers\AppServiceProvider]  
[2016-07-20 17:26:11] local.INFO: Milky Framework Booted  
[2016-07-20 17:26:18] local.INFO: Milky Framework Loading  
[2016-07-20 17:26:18] local.INFO: Registered Service Provider [HolyWorlds\Providers\AppServiceProvider]  
[2016-07-20 17:26:18] local.INFO: Milky Framework Loaded  
[2016-07-20 17:26:18] local.INFO: Milky Framework Booted  
[2016-07-20 17:26:18] local.INFO: Booted Service Provider [HolyWorlds\Providers\AppServiceProvider]  
[2016-07-20 17:26:18] local.INFO: Milky Framework Booted  
[2016-07-20 17:26:20] local.INFO: Milky Framework Loading  
[2016-07-20 17:26:20] local.INFO: Registered Service Provider [HolyWorlds\Providers\AppServiceProvider]  
[2016-07-20 17:26:20] local.INFO: Milky Framework Loaded  
[2016-07-20 17:26:20] local.INFO: Milky Framework Booted  
[2016-07-20 17:26:20] local.INFO: Booted Service Provider [HolyWorlds\Providers\AppServiceProvider]  
[2016-07-20 17:26:20] local.INFO: Milky Framework Booted  
[2016-07-20 17:26:20] local.INFO: Milky Framework Loading  
[2016-07-20 17:26:20] local.INFO: Registered Service Provider [HolyWorlds\Providers\AppServiceProvider]  
[2016-07-20 17:26:20] local.INFO: Milky Framework Loaded  
[2016-07-20 17:26:20] local.INFO: Milky Framework Booted  
[2016-07-20 17:26:20] local.INFO: Booted Service Provider [HolyWorlds\Providers\AppServiceProvider]  
[2016-07-20 17:26:20] local.INFO: Milky Framework Booted  
[2016-07-20 17:26:35] local.INFO: Milky Framework Loading  
[2016-07-20 17:26:35] local.INFO: Registered Service Provider [HolyWorlds\Providers\AppServiceProvider]  
[2016-07-20 17:26:35] local.INFO: Milky Framework Loaded  
[2016-07-20 17:26:35] local.INFO: Milky Framework Booted  
[2016-07-20 17:26:35] local.INFO: Booted Service Provider [HolyWorlds\Providers\AppServiceProvider]  
[2016-07-20 17:26:35] local.INFO: Milky Framework Booted  
[2016-07-20 17:27:18] local.INFO: Milky Framework Loading  
[2016-07-20 17:27:18] local.INFO: Registered Service Provider [HolyWorlds\Providers\AppServiceProvider]  
[2016-07-20 17:27:18] local.INFO: Milky Framework Loaded  
[2016-07-20 17:27:18] local.INFO: Milky Framework Booted  
[2016-07-20 17:27:18] local.INFO: Booted Service Provider [HolyWorlds\Providers\AppServiceProvider]  
[2016-07-20 17:27:18] local.INFO: Milky Framework Booted  
[2016-07-20 17:27:20] local.INFO: Milky Framework Loading  
[2016-07-20 17:27:20] local.INFO: Registered Service Provider [HolyWorlds\Providers\AppServiceProvider]  
[2016-07-20 17:27:20] local.INFO: Milky Framework Loaded  
[2016-07-20 17:27:20] local.INFO: Milky Framework Booted  
[2016-07-20 17:27:20] local.INFO: Booted Service Provider [HolyWorlds\Providers\AppServiceProvider]  
[2016-07-20 17:27:20] local.INFO: Milky Framework Booted  
[2016-07-20 17:27:37] local.INFO: Milky Framework Loading  
[2016-07-20 17:27:37] local.INFO: Registered Service Provider [HolyWorlds\Providers\AppServiceProvider]  
[2016-07-20 17:27:37] local.INFO: Milky Framework Loaded  
[2016-07-20 17:27:37] local.INFO: Milky Framework Booted  
[2016-07-20 17:27:37] local.INFO: Booted Service Provider [HolyWorlds\Providers\AppServiceProvider]  
[2016-07-20 17:27:37] local.INFO: Milky Framework Booted  
[2016-07-20 17:27:58] local.INFO: Milky Framework Loading  
[2016-07-20 17:27:58] local.INFO: Registered Service Provider [HolyWorlds\Providers\AppServiceProvider]  
[2016-07-20 17:27:58] local.INFO: Milky Framework Loaded  
[2016-07-20 17:27:58] local.INFO: Milky Framework Booted  
[2016-07-20 17:27:58] local.INFO: Booted Service Provider [HolyWorlds\Providers\AppServiceProvider]  
[2016-07-20 17:27:58] local.INFO: Milky Framework Booted  
[2016-07-20 17:28:13] local.INFO: Milky Framework Loading  
[2016-07-20 17:28:13] local.INFO: Registered Service Provider [HolyWorlds\Providers\AppServiceProvider]  
[2016-07-20 17:28:13] local.INFO: Milky Framework Loaded  
[2016-07-20 17:28:13] local.INFO: Milky Framework Booted  
[2016-07-20 17:28:13] local.INFO: Booted Service Provider [HolyWorlds\Providers\AppServiceProvider]  
[2016-07-20 17:28:13] local.INFO: Milky Framework Booted  
[2016-07-20 17:28:26] local.INFO: Milky Framework Loading  
[2016-07-20 17:28:26] local.INFO: Registered Service Provider [HolyWorlds\Providers\AppServiceProvider]  
[2016-07-20 17:28:26] local.INFO: Milky Framework Loaded  
[2016-07-20 17:28:26] local.INFO: Milky Framework Booted  
[2016-07-20 17:28:26] local.INFO: Booted Service Provider [HolyWorlds\Providers\AppServiceProvider]  
[2016-07-20 17:28:26] local.INFO: Milky Framework Booted  
[2016-07-20 17:28:28] local.INFO: Milky Framework Loading  
[2016-07-20 17:28:28] local.INFO: Registered Service Provider [HolyWorlds\Providers\AppServiceProvider]  
[2016-07-20 17:28:28] local.INFO: Milky Framework Loaded  
[2016-07-20 17:28:28] local.INFO: Milky Framework Booted  
[2016-07-20 17:28:28] local.INFO: Booted Service Provider [HolyWorlds\Providers\AppServiceProvider]  
[2016-07-20 17:28:28] local.INFO: Milky Framework Booted  
[2016-07-20 17:28:37] local.INFO: Milky Framework Loading  
[2016-07-20 17:28:37] local.INFO: Registered Service Provider [HolyWorlds\Providers\AppServiceProvider]  
[2016-07-20 17:28:37] local.INFO: Milky Framework Loaded  
[2016-07-20 17:28:37] local.INFO: Milky Framework Booted  
[2016-07-20 17:28:37] local.INFO: Booted Service Provider [HolyWorlds\Providers\AppServiceProvider]  
[2016-07-20 17:28:37] local.INFO: Milky Framework Booted  
[2016-07-20 17:28:48] local.INFO: Milky Framework Loading  
[2016-07-20 17:28:48] local.INFO: Registered Service Provider [HolyWorlds\Providers\AppServiceProvider]  
[2016-07-20 17:28:48] local.INFO: Milky Framework Loaded  
[2016-07-20 17:28:48] local.INFO: Milky Framework Booted  
[2016-07-20 17:28:48] local.INFO: Booted Service Provider [HolyWorlds\Providers\AppServiceProvider]  
[2016-07-20 17:28:48] local.INFO: Milky Framework Booted  
[2016-07-20 17:28:57] local.INFO: Milky Framework Loading  
[2016-07-20 17:28:57] local.INFO: Registered Service Provider [HolyWorlds\Providers\AppServiceProvider]  
[2016-07-20 17:28:57] local.INFO: Milky Framework Loaded  
[2016-07-20 17:28:57] local.INFO: Milky Framework Booted  
[2016-07-20 17:28:57] local.INFO: Booted Service Provider [HolyWorlds\Providers\AppServiceProvider]  
[2016-07-20 17:28:57] local.INFO: Milky Framework Booted  
[2016-07-20 17:29:29] local.INFO: Milky Framework Loading  
[2016-07-20 17:29:29] local.INFO: Registered Service Provider [HolyWorlds\Providers\AppServiceProvider]  
[2016-07-20 17:29:29] local.INFO: Milky Framework Loaded  
[2016-07-20 17:29:29] local.INFO: Milky Framework Booted  
[2016-07-20 17:29:29] local.INFO: Booted Service Provider [HolyWorlds\Providers\AppServiceProvider]  
[2016-07-20 17:29:29] local.INFO: Milky Framework Booted  
[2016-07-20 17:29:42] local.INFO: Milky Framework Loading  
[2016-07-20 17:29:42] local.INFO: Registered Service Provider [HolyWorlds\Providers\AppServiceProvider]  
[2016-07-20 17:29:42] local.INFO: Milky Framework Loaded  
[2016-07-20 17:29:42] local.INFO: Milky Framework Booted  
[2016-07-20 17:29:42] local.INFO: Booted Service Provider [HolyWorlds\Providers\AppServiceProvider]  
[2016-07-20 17:29:42] local.INFO: Milky Framework Booted  
[2016-07-20 17:29:50] local.INFO: Milky Framework Loading  
[2016-07-20 17:29:50] local.INFO: Registered Service Provider [HolyWorlds\Providers\AppServiceProvider]  
[2016-07-20 17:29:50] local.INFO: Milky Framework Loaded  
[2016-07-20 17:29:50] local.INFO: Milky Framework Booted  
[2016-07-20 17:29:50] local.INFO: Booted Service Provider [HolyWorlds\Providers\AppServiceProvider]  
[2016-07-20 17:29:50] local.INFO: Milky Framework Booted  
[2016-07-20 17:30:37] local.INFO: Milky Framework Loading  
[2016-07-20 17:30:37] local.INFO: Registered Service Provider [HolyWorlds\Providers\AppServiceProvider]  
[2016-07-20 17:30:37] local.INFO: Milky Framework Loaded  
[2016-07-20 17:30:37] local.INFO: Milky Framework Booted  
[2016-07-20 17:30:37] local.INFO: Booted Service Provider [HolyWorlds\Providers\AppServiceProvider]  
[2016-07-20 17:30:37] local.INFO: Milky Framework Booted  
[2016-07-20 17:32:27] local.INFO: Milky Framework Loading  
[2016-07-20 17:32:27] local.INFO: Registered Service Provider [HolyWorlds\Providers\AppServiceProvider]  
[2016-07-20 17:32:27] local.INFO: Milky Framework Loaded  
[2016-07-20 17:32:27] local.INFO: Milky Framework Booted  
[2016-07-20 17:32:27] local.INFO: Booted Service Provider [HolyWorlds\Providers\AppServiceProvider]  
[2016-07-20 17:32:27] local.INFO: Milky Framework Booted  
[2016-07-20 17:32:44] local.INFO: Milky Framework Loading  
[2016-07-20 17:32:44] local.INFO: Registered Service Provider [HolyWorlds\Providers\AppServiceProvider]  
[2016-07-20 17:32:44] local.INFO: Milky Framework Loaded  
[2016-07-20 17:32:44] local.INFO: Milky Framework Booted  
[2016-07-20 17:32:44] local.INFO: Booted Service Provider [HolyWorlds\Providers\AppServiceProvider]  
[2016-07-20 17:32:44] local.INFO: Milky Framework Booted  
[2016-07-20 17:34:03] local.INFO: Milky Framework Loading  
[2016-07-20 17:34:03] local.INFO: Registered Service Provider [HolyWorlds\Providers\AppServiceProvider]  
[2016-07-20 17:34:03] local.INFO: Milky Framework Loaded  
[2016-07-20 17:34:03] local.INFO: Milky Framework Booted  
[2016-07-20 17:34:03] local.INFO: Booted Service Provider [HolyWorlds\Providers\AppServiceProvider]  
[2016-07-20 17:34:03] local.INFO: Milky Framework Booted  
[2016-07-20 17:34:18] local.INFO: Milky Framework Loading  
[2016-07-20 17:34:18] local.INFO: Registered Service Provider [HolyWorlds\Providers\AppServiceProvider]  
[2016-07-20 17:34:18] local.INFO: Milky Framework Loaded  
[2016-07-20 17:34:18] local.INFO: Milky Framework Booted  
[2016-07-20 17:34:18] local.INFO: Booted Service Provider [HolyWorlds\Providers\AppServiceProvider]  
[2016-07-20 17:34:18] local.INFO: Milky Framework Booted  
[2016-07-20 17:34:57] local.INFO: Milky Framework Loading  
[2016-07-20 17:34:57] local.INFO: Registered Service Provider [HolyWorlds\Providers\AppServiceProvider]  
[2016-07-20 17:34:57] local.INFO: Milky Framework Loaded  
[2016-07-20 17:34:57] local.INFO: Milky Framework Booted  
[2016-07-20 17:34:57] local.INFO: Booted Service Provider [HolyWorlds\Providers\AppServiceProvider]  
[2016-07-20 17:34:57] local.INFO: Milky Framework Booted  
[2016-07-20 17:35:32] local.INFO: Milky Framework Loading  
[2016-07-20 17:35:32] local.INFO: Registered Service Provider [HolyWorlds\Providers\AppServiceProvider]  
[2016-07-20 17:35:32] local.INFO: Milky Framework Loaded  
[2016-07-20 17:35:32] local.INFO: Milky Framework Booted  
[2016-07-20 17:35:32] local.INFO: Booted Service Provider [HolyWorlds\Providers\AppServiceProvider]  
[2016-07-20 17:35:32] local.INFO: Milky Framework Booted  
[2016-07-20 17:36:16] local.INFO: Milky Framework Loading  
[2016-07-20 17:36:16] local.INFO: Registered Service Provider [HolyWorlds\Providers\AppServiceProvider]  
[2016-07-20 17:36:16] local.INFO: Milky Framework Loaded  
[2016-07-20 17:36:16] local.INFO: Milky Framework Booted  
[2016-07-20 17:36:16] local.INFO: Booted Service Provider [HolyWorlds\Providers\AppServiceProvider]  
[2016-07-20 17:36:16] local.INFO: Milky Framework Booted  
[2016-07-20 17:36:17] local.INFO: Milky Framework Loading  
[2016-07-20 17:36:17] local.INFO: Registered Service Provider [HolyWorlds\Providers\AppServiceProvider]  
[2016-07-20 17:36:17] local.INFO: Milky Framework Loaded  
[2016-07-20 17:36:17] local.INFO: Milky Framework Booted  
[2016-07-20 17:36:17] local.INFO: Booted Service Provider [HolyWorlds\Providers\AppServiceProvider]  
[2016-07-20 17:36:17] local.INFO: Milky Framework Booted  
[2016-07-20 17:36:30] local.INFO: Milky Framework Loading  
[2016-07-20 17:36:30] local.INFO: Registered Service Provider [HolyWorlds\Providers\AppServiceProvider]  
[2016-07-20 17:36:30] local.INFO: Milky Framework Loaded  
[2016-07-20 17:36:30] local.INFO: Milky Framework Booted  
[2016-07-20 17:36:30] local.INFO: Booted Service Provider [HolyWorlds\Providers\AppServiceProvider]  
[2016-07-20 17:36:30] local.INFO: Milky Framework Booted  
[2016-07-20 17:36:47] local.INFO: Milky Framework Loading  
[2016-07-20 17:36:47] local.INFO: Registered Service Provider [HolyWorlds\Providers\AppServiceProvider]  
[2016-07-20 17:36:47] local.INFO: Milky Framework Loaded  
[2016-07-20 17:36:47] local.INFO: Milky Framework Booted  
[2016-07-20 17:36:47] local.INFO: Booted Service Provider [HolyWorlds\Providers\AppServiceProvider]  
[2016-07-20 17:36:47] local.INFO: Milky Framework Booted  
[2016-07-20 17:37:02] local.INFO: Milky Framework Loading  
[2016-07-20 17:37:02] local.INFO: Registered Service Provider [HolyWorlds\Providers\AppServiceProvider]  
[2016-07-20 17:37:02] local.INFO: Milky Framework Loaded  
[2016-07-20 17:37:02] local.INFO: Milky Framework Booted  
[2016-07-20 17:37:02] local.INFO: Booted Service Provider [HolyWorlds\Providers\AppServiceProvider]  
[2016-07-20 17:37:02] local.INFO: Milky Framework Booted  
[2016-07-20 17:37:45] local.INFO: Milky Framework Loading  
[2016-07-20 17:37:45] local.INFO: Registered Service Provider [HolyWorlds\Providers\AppServiceProvider]  
[2016-07-20 17:37:45] local.INFO: Milky Framework Loaded  
[2016-07-20 17:37:45] local.INFO: Milky Framework Booted  
[2016-07-20 17:37:45] local.INFO: Booted Service Provider [HolyWorlds\Providers\AppServiceProvider]  
[2016-07-20 17:37:45] local.INFO: Milky Framework Booted  
[2016-07-20 17:38:11] local.INFO: Milky Framework Loading  
[2016-07-20 17:38:11] local.INFO: Registered Service Provider [HolyWorlds\Providers\AppServiceProvider]  
[2016-07-20 17:38:11] local.INFO: Milky Framework Loaded  
[2016-07-20 17:38:11] local.INFO: Milky Framework Booted  
[2016-07-20 17:38:11] local.INFO: Booted Service Provider [HolyWorlds\Providers\AppServiceProvider]  
[2016-07-20 17:38:11] local.INFO: Milky Framework Booted  
[2016-07-20 17:38:17] local.INFO: Milky Framework Loading  
[2016-07-20 17:38:17] local.INFO: Registered Service Provider [HolyWorlds\Providers\AppServiceProvider]  
[2016-07-20 17:38:17] local.INFO: Milky Framework Loaded  
[2016-07-20 17:38:17] local.INFO: Milky Framework Booted  
[2016-07-20 17:38:17] local.INFO: Booted Service Provider [HolyWorlds\Providers\AppServiceProvider]  
[2016-07-20 17:38:17] local.INFO: Milky Framework Booted  
[2016-07-20 17:44:27] local.INFO: Milky Framework Loading  
[2016-07-20 17:44:27] local.INFO: Registered Service Provider [HolyWorlds\Providers\AppServiceProvider]  
[2016-07-20 17:44:27] local.INFO: Milky Framework Loaded  
[2016-07-20 17:44:27] local.INFO: Milky Framework Booted  
[2016-07-20 17:44:27] local.INFO: Booted Service Provider [HolyWorlds\Providers\AppServiceProvider]  
[2016-07-20 17:44:27] local.INFO: Milky Framework Booted  
[2016-07-20 17:44:46] local.INFO: Milky Framework Loading  
[2016-07-20 17:44:46] local.INFO: Registered Service Provider [HolyWorlds\Providers\AppServiceProvider]  
[2016-07-20 17:44:46] local.INFO: Milky Framework Loaded  
[2016-07-20 17:44:46] local.INFO: Milky Framework Booted  
[2016-07-20 17:44:46] local.INFO: Booted Service Provider [HolyWorlds\Providers\AppServiceProvider]  
[2016-07-20 17:44:46] local.INFO: Milky Framework Booted  
[2016-07-20 17:44:46] local.INFO: Milky Framework Loading  
[2016-07-20 17:44:46] local.INFO: Registered Service Provider [HolyWorlds\Providers\AppServiceProvider]  
[2016-07-20 17:44:46] local.INFO: Milky Framework Loaded  
[2016-07-20 17:44:46] local.INFO: Milky Framework Booted  
[2016-07-20 17:44:46] local.INFO: Booted Service Provider [HolyWorlds\Providers\AppServiceProvider]  
[2016-07-20 17:44:46] local.INFO: Milky Framework Booted  
[2016-07-20 17:44:46] local.INFO: Milky Framework Loading  
[2016-07-20 17:44:46] local.INFO: Registered Service Provider [HolyWorlds\Providers\AppServiceProvider]  
[2016-07-20 17:44:46] local.INFO: Milky Framework Loaded  
[2016-07-20 17:44:46] local.INFO: Milky Framework Booted  
[2016-07-20 17:44:46] local.INFO: Booted Service Provider [HolyWorlds\Providers\AppServiceProvider]  
[2016-07-20 17:44:46] local.INFO: Milky Framework Booted  
[2016-07-20 17:45:48] local.INFO: Milky Framework Loading  
[2016-07-20 17:45:48] local.INFO: Registered Service Provider [HolyWorlds\Providers\AppServiceProvider]  
[2016-07-20 17:45:48] local.INFO: Milky Framework Loaded  
[2016-07-20 17:45:48] local.INFO: Milky Framework Booted  
[2016-07-20 17:45:48] local.INFO: Booted Service Provider [HolyWorlds\Providers\AppServiceProvider]  
[2016-07-20 17:45:48] local.INFO: Milky Framework Booted  
[2016-07-20 17:45:58] local.INFO: Milky Framework Loading  
[2016-07-20 17:45:58] local.INFO: Registered Service Provider [HolyWorlds\Providers\AppServiceProvider]  
[2016-07-20 17:45:58] local.INFO: Milky Framework Loaded  
[2016-07-20 17:45:58] local.INFO: Milky Framework Booted  
[2016-07-20 17:45:58] local.INFO: Booted Service Provider [HolyWorlds\Providers\AppServiceProvider]  
[2016-07-20 17:45:58] local.INFO: Milky Framework Booted  
[2016-07-20 22:53:11] local.INFO: Milky Framework Loading  
[2016-07-20 22:53:11] local.INFO: Registered Service Provider [HolyWorlds\Providers\AppServiceProvider]  
[2016-07-20 22:53:11] local.INFO: Milky Framework Loaded  
[2016-07-20 22:53:11] local.INFO: Milky Framework Booted  
[2016-07-20 22:53:11] local.INFO: Booted Service Provider [HolyWorlds\Providers\AppServiceProvider]  
[2016-07-20 22:53:11] local.INFO: Milky Framework Booted  
[2016-07-20 22:55:37] local.INFO: Milky Framework Loading  
[2016-07-20 22:55:37] local.INFO: Registered Service Provider [HolyWorlds\Providers\AppServiceProvider]  
[2016-07-20 22:55:37] local.INFO: Milky Framework Loaded  
[2016-07-20 22:55:37] local.INFO: Milky Framework Booted  
[2016-07-20 22:55:37] local.INFO: Booted Service Provider [HolyWorlds\Providers\AppServiceProvider]  
[2016-07-20 22:55:37] local.INFO: Milky Framework Booted  
[2016-07-20 22:57:15] local.INFO: Milky Framework Loading  
[2016-07-20 22:57:15] local.INFO: Registered Service Provider [HolyWorlds\Providers\AppServiceProvider]  
[2016-07-20 22:57:15] local.INFO: Milky Framework Loaded  
[2016-07-20 22:57:15] local.INFO: Milky Framework Booted  
[2016-07-20 22:57:15] local.INFO: Booted Service Provider [HolyWorlds\Providers\AppServiceProvider]  
[2016-07-20 22:57:15] local.INFO: Milky Framework Booted  
[2016-07-20 23:00:54] local.INFO: Milky Framework Loading  
[2016-07-20 23:00:54] local.INFO: Registered Service Provider [HolyWorlds\Providers\AppServiceProvider]  
[2016-07-20 23:00:54] local.INFO: Milky Framework Loaded  
[2016-07-20 23:00:54] local.INFO: Milky Framework Booted  
[2016-07-20 23:00:54] local.INFO: Booted Service Provider [HolyWorlds\Providers\AppServiceProvider]  
[2016-07-20 23:00:54] local.INFO: Milky Framework Booted  
[2016-07-20 23:00:54] local.INFO: Milky Framework Loading  
[2016-07-20 23:00:54] local.INFO: Registered Service Provider [HolyWorlds\Providers\AppServiceProvider]  
[2016-07-20 23:00:54] local.INFO: Milky Framework Loaded  
[2016-07-20 23:00:54] local.INFO: Milky Framework Booted  
[2016-07-20 23:00:54] local.INFO: Booted Service Provider [HolyWorlds\Providers\AppServiceProvider]  
[2016-07-20 23:00:54] local.INFO: Milky Framework Booted  
